  % Total    % Received % Xferd  Average Speed   Time    Time     Time  Current
                                 Dload  Upload   Total   Spent    Left  Speed
  0     0    0     0    0     0      0      0 --:--:-- --:--:-- --:--:--     0*   Trying 3.83.118.41:80...
* Connected to ec2-3-83-118-41.compute-1.amazonaws.com (3.83.118.41) port 80 (#0)
> GET / HTTP/1.1
> Host: ec2-3-83-118-41.compute-1.amazonaws.com
> User-Agent: curl/7.81.0
> Accept: */*
> Cookie: login=eyJ1c2VybmFtZSI6ImF3ZGVvcmlvIn0.Y0zRlA.fdGxcNXCCMZXVdTU49Yda_nxWwU
> 
* Mark bundle as not supporting multiuse
< HTTP/1.1 200 OK
< Server: nginx/1.18.0 (Ubuntu)
< Date: Mon, 17 Oct 2022 03:53:46 GMT
< Content-Type: text/html; charset=utf-8
< Content-Length: 8602
< Connection: keep-alive
< Vary: Cookie
< 
{ [8602 bytes data]
100  8602  100  8602    0     0  43775      0 --:--:-- --:--:-- --:--:-- 43887
* Connection #0 to host ec2-3-83-118-41.compute-1.amazonaws.com left intact
